<?xml version="1.0" encoding="UTF-8"?>
<coverage generated="1684483835230" clover="3.2.0">
  <project timestamp="1684483835230" name="All files">
    <metrics statements="9" coveredstatements="9" conditionals="8" coveredconditionals="7" methods="3" coveredmethods="3" elements="20" coveredelements="19" complexity="0" loc="9" ncloc="9" packages="1" files="2" classes="2"/>
    <file name="index.js" path="C:\Users\а733\OneDrive\Рабочий стол\домашки\test_\src\index.js">
      <metrics statements="6" coveredstatements="6" conditionals="8" coveredconditionals="7" methods="1" coveredmethods="1"/>
      <line num="3" count="3" type="cond" truecount="2" falsecount="0"/>
      <line num="4" count="1" type="stmt"/>
      <line num="6" count="2" type="cond" truecount="4" falsecount="0"/>
      <line num="7" count="1" type="stmt"/>
      <line num="9" count="1" type="cond" truecount="1" falsecount="1"/>
      <line num="10" count="1" type="stmt"/>
    </file>
    <file name="sort.js" path="C:\Users\а733\OneDrive\Рабочий стол\домашки\test_\src\sort.js">
      <metrics statements="3" coveredstatements="3" conditionals="0" coveredconditionals="0" methods="2" coveredmethods="2"/>
      <line num="2" count="1" type="stmt"/>
      <line num="9" count="6" type="stmt"/>
      <line num="11" count="1" type="stmt"/>
    </file>
  </project>
</coverage>
