{"C:\\Users\\а733\\OneDrive\\Рабочий стол\\домашки\\test_\\src\\index.js": {"path":"C:\\Users\\а733\\OneDrive\\Рабочий стол\\домашки\\test_\\src\\index.js","statementMap":{"0":{"start":{"line":3,"column":4},"end":{"line":5,"column":5}},"1":{"start":{"line":4,"column":8},"end":{"line":4,"column":24}},"2":{"start":{"line":6,"column":4},"end":{"line":8,"column":5}},"3":{"start":{"line":7,"column":8},"end":{"line":7,"column":24}},"4":{"start":{"line":9,"column":4},"end":{"line":11,"column":5}},"5":{"start":{"line":10,"column":8},"end":{"line":10,"column":25}}},"fnMap":{"0":{"name":"healthStatus","decl":{"start":{"line":1,"column":16},"end":{"line":1,"column":28}},"loc":{"start":{"line":1,"column":43},"end":{"line":12,"column":1}},"line":1}},"branchMap":{"0":{"loc":{"start":{"line":3,"column":4},"end":{"line":5,"column":5}},"type":"if","locations":[{"start":{"line":3,"column":4},"end":{"line":5,"column":5}},{"start":{},"end":{}}],"line":3},"1":{"loc":{"start":{"line":6,"column":4},"end":{"line":8,"column":5}},"type":"if","locations":[{"start":{"line":6,"column":4},"end":{"line":8,"column":5}},{"start":{},"end":{}}],"line":6},"2":{"loc":{"start":{"line":6,"column":8},"end":{"line":6,"column":35}},"type":"binary-expr","locations":[{"start":{"line":6,"column":8},"end":{"line":6,"column":20}},{"start":{"line":6,"column":24},"end":{"line":6,"column":35}}],"line":6},"3":{"loc":{"start":{"line":9,"column":4},"end":{"line":11,"column":5}},"type":"if","locations":[{"start":{"line":9,"column":4},"end":{"line":11,"column":5}},{"start":{},"end":{}}],"line":9}},"s":{"0":3,"1":1,"2":2,"3":1,"4":1,"5":1},"f":{"0":3},"b":{"0":[1,2],"1":[1,1],"2":[2,2],"3":[1,0]},"_coverageSchema":"1a1c01bbd47fc00a2c39e90264f33305004495a9","hash":"48d68cf0e18dec1cbeb65044c43603d1cf3a7e46"}
,"C:\\Users\\а733\\OneDrive\\Рабочий стол\\домашки\\test_\\src\\sort.js": {"path":"C:\\Users\\а733\\OneDrive\\Рабочий стол\\домашки\\test_\\src\\sort.js","statementMap":{"0":{"start":{"line":2,"column":20},"end":{"line":6,"column":1}},"1":{"start":{"line":9,"column":4},"end":{"line":9,"column":63}},"2":{"start":{"line":9,"column":36},"end":{"line":9,"column":61}},"3":{"start":{"line":11,"column":2},"end":{"line":11,"column":14}}},"fnMap":{"0":{"name":"sort","decl":{"start":{"line":8,"column":16},"end":{"line":8,"column":20}},"loc":{"start":{"line":8,"column":25},"end":{"line":10,"column":3}},"line":8},"1":{"name":"(anonymous_1)","decl":{"start":{"line":9,"column":20},"end":{"line":9,"column":21}},"loc":{"start":{"line":9,"column":36},"end":{"line":9,"column":61}},"line":9}},"branchMap":{},"s":{"0":1,"1":2,"2":6,"3":1},"f":{"0":2,"1":6},"b":{},"_coverageSchema":"1a1c01bbd47fc00a2c39e90264f33305004495a9","hash":"44f83eca4eea419c29f3230dce10a848bf0d13b6"}
}
